3DPainting 0 137.0
3DPrinter 1 308.0
ACappella 2 87.0
ATM 3 60.0
AngkorWat 4 233.0
BabyLearningToEatWithSpoon 5 212.0
BigBen 6 102.0
ChineseBrushWriting 7 117.0
ChineseChess 8 60.0
ChineseFlutePerformance 9 110.0
ChineseJumpRope 10 89.0
Colosseum 11 101.0
DafPerformance 12 80.0
EmergencyAmbulance 13 158.0
EmpireStateBuilding 14 56.0
FrenchHornPerformance 15 140.0
GPSNavigationDevice 16 62.0
GreatGoldenStupa 17 47.0
GuineaPig 18 448.0
HandBellPerformance 19 243.0
IndianDance 20 384.0
KolnerDom 21 116.0
LatinDance 22 451.0
LeshanGiantBuddha 23 57.0
MountRushmoreNationalMemorial 24 70.0
PSP 25 99.0
PotalaPalace 26 95.0
RioDeJesus 27 155.0
ScotlandDance 28 199.0
SitarPerformance 29 131.0
Stonehenge 30 72.0
SydneyOperaHouse 31 100.0
TerracottaArmy 32 101.0
TheFobiddenCity 33 53.0
TowerBridge 34 168.0
TowerOfLondon 35 119.0
UAV 36 353.0
XunPerformance 37 68.0
XylophonePerformance 38 199.0
accordionPerformance 39 417.0
acrobatics 40 255.0
acropolisOfAthens 41 154.0
airCrash 42 81.0
aircraft 43 189.0
airwheel 44 177.0
alpaca 45 169.0
americanFootball 46 287.0
amusementPark 47 394.0
antelope 48 193.0
applyingAPhoneScreenProtecter 49 278.0
applyingAWig 50 335.0
applyingConsealer 51 67.0
applyingFacialMask 52 258.0
applyingPesticides 53 60.0
archOfTriumph 54 103.0
archaeologist 55 94.0
archery 56 278.0
arcticFox 57 83.0
armWrestling 58 724.0
arrangingFlowers 59 442.0
artificalLimb 60 62.0
ass 61 97.0
assemblingABike 62 225.0
assemblingAComputer 63 243.0
assemblingACrib 64 89.0
astronaut 65 73.0
auroraPolaris 66 91.0
babyCrawling 67 241.0
babyEatingSnack 68 261.0
babyShower 69 139.0
babySuckingFinger 70 106.0
backMassage 71 168.0
backstroke 72 671.0
badminton 73 497.0
bagpipePerformance 74 188.0
bakingHam 75 139.0
balanceBeam 76 456.0
ballet 77 414.0
bambooForest 78 101.0
bambooRafting 79 291.0
bananaRiding 80 239.0
banjoPerformance 81 303.0
barbecue 82 59.0
barbellWorkout 83 474.0
baseball 84 209.0
basketball 85 648.0
bassPerformance 86 353.0
bat 87 117.0
bathingDog 88 69.0
batonTwirling 89 516.0
beach 90 1228.0
beachFootball 91 295.0
beachSwimming 92 88.0
beachVolleyball 93 151.0
beachWalking 94 117.0
bear 95 91.0
bearingTheStretcher 96 130.0
beatbox 97 597.0
beaver 98 180.0
bee 99 269.0
beekeeping 100 94.0
beggingForMoney 101 77.0
bellyDance 102 341.0
bikeTricks 103 254.0
biking 104 207.0
billiard 105 269.0
birthday 106 208.0
blackCloud 107 290.0
bloodGlucoseMeter 108 123.0
blowingAConchShell 109 81.0
blowingASoapBubble 110 102.0
blowingBubblegumBubbles 111 322.0
blowingDryHair 112 88.0
blowingFire 113 58.0
blowingUpABalloon 114 130.0
boating 115 536.0
bodyWeightSquats 116 285.0
bodyguard 117 57.0
boilingFish 118 80.0
bookshop 119 53.0
bowling 120 220.0
boxing 121 278.0
breaststroke 122 211.0
bridalShower 123 120.0
bridge 124 572.0
bridgeJumping 125 236.0
brushingTeeth 126 561.0
buildingACabinet 127 74.0
buildingAFence 128 63.0
buildingAFirePit 129 46.0
buildingAGreenhouse 130 257.0
buildingAPoleBarn 131 74.0
buildingASandcastle 132 281.0
buildingAShed 133 55.0
buildingATable 134 87.0
buildingAnOutdoorBench 135 84.0
buildingBrickColumns 136 56.0
buildingConstruction 137 96.0
bullFighting 138 60.0
bumperCars 139 485.0
bungeeJumping 140 573.0
butterfly 141 242.0
butterflyKnifeTricks 142 317.0
butterflyStroke 143 286.0
caberTossing 144 254.0
cableCar 145 622.0
calligraphyExhibition 146 87.0
calmingACryingBaby 147 122.0
camel 148 1221.0
camelRiding 149 612.0
camelWresting 150 59.0
camping 151 85.0
canteen 152 53.0
canyon 153 312.0
captureTheFlag 154 79.0
capybara 155 348.0
carAccidents 156 415.0
carExhibition 157 193.0
carPainting 158 59.0
carRacing 159 160.0
carTowing 160 61.0
carWashing 161 143.0
cardManipulation 162 400.0
cardingWool 163 58.0
cardiopulmonaryResuscitation 164 176.0
carriageDriving 165 469.0
carvingAPumpkin 166 344.0
cat 167 452.0
cat'sCradle 168 50.0
catTakingABath 169 99.0
catUsingLitterBox 170 76.0
catchingACrab 171 69.0
catchingAFrogInAPond 172 68.0
catchingASquirrel 173 83.0
cathedralExterior 174 209.0
cattleHerding 175 59.0
celebratingNewYear 176 134.0
celloPerformance 177 682.0
chamberMusic 178 228.0
changingABabyDiaper 179 100.0
changingBrakePads 180 215.0
changingGuitarStrings 181 143.0
changingOil 182 175.0
changingTires 183 161.0
charging 184 173.0
cheerleading 185 301.0
chicken 186 118.0
chimePerformance 187 58.0
chinchilla 188 382.0
choppingWood 189 248.0
chorus 190 450.0
christmasParty 191 106.0
circusAnimalPerformance 192 95.0
clappingHands 193 81.0
clarinetPerformance 194 86.0
classroom 195 183.0
clawMachineTricks 196 60.0
cleaningABathroom 197 288.0
cleaningABicylce 198 98.0
cleaningAChimney 199 75.0
cleaningALaptopFan 200 140.0
cleaningAMicrowaveOven 201 89.0
cleaningAMonitorScreen 202 63.0
cleaningAMotorcycle 203 75.0
cleaningASilverware 204 72.0
cleaningAStove 205 176.0
cleaningAToilet 206 214.0
cleaningAWhiteboard 207 58.0
cleaningAnAirConditioner 208 67.0
cleaningCarpet 209 151.0
cleaningCurtains 210 100.0
cleaningFloor 211 140.0
cleaningFruitsAndVegetables 212 111.0
cleaningGlasses 213 87.0
cleaningJewelry 214 197.0
cleaningOilPaintBrushes 215 135.0
cleaningOutClosets 216 87.0
cleaningPaintedWalls 217 57.0
cleaningWindows 218 222.0
clickerTraining 219 111.0
cliffDiving 220 61.0
clock 221 66.0
coach 222 170.0
cockFighting 223 303.0
coinCollecting 224 101.0
combingHair 225 163.0
communicatingWithSignLanguage 226 105.0
congaDance 227 180.0
cookingAnOmelette 228 142.0
cookingBacon 229 621.0
cookingBeefSteak 230 321.0
cookingFriedPorkChop 231 81.0
cookingGooseLiver 232 94.0
cookingLemonChicken 233 110.0
cookingLotusRoot 234 103.0
cookingMashedPotato 235 224.0
cookingOffal 236 94.0
cookingPasta 237 252.0
cookingPorkLegs 238 88.0
cookingRiceNoodles 239 120.0
cookingSeafood 240 96.0
cookingTofu 241 187.0
cow 242 408.0
crab 243 182.0
crayonDrawing 244 313.0
cricket 245 66.0
cruiseShip 246 504.0
crushingGarlic 247 237.0
crying 248 201.0
cudgel 249 57.0
curingMeat 250 243.0
cuttingFruits 251 305.0
cuttingNail 252 64.0
cymbalPerformance 253 87.0
danceDrama 254 145.0
darts 255 155.0
debate 256 241.0
debrisFlow 257 157.0
decoratingChristmasTree 258 349.0
deer 259 150.0
deliciousFood 260 275.0
departureHall 261 59.0
desert 262 1268.0
detective 263 77.0
dholPerformance 264 108.0
diaboloTricks 265 74.0
diggingOutACarFromSnow 266 64.0
diningAtRestaurant 267 395.0
dinnerAtHome 268 86.0
disabledWaterSkiing 269 67.0
discGolf 270 68.0
discusThrow 271 225.0
dishwasher 272 64.0
diving 273 387.0
djingPerformance 274 141.0
dodgeball 275 71.0
dog 276 1044.0
dogGoingUpTheStairs 277 104.0
dogRacing 278 81.0
doingChemistryExperiments 279 385.0
doingGraffiti 280 226.0
doingTheLaundry 281 132.0
dollCollectings 282 135.0
dolphin 283 157.0
donatingBlood 284 164.0
dormitory 285 76.0
dove 286 79.0
drinkingBeer 287 156.0
driving 288 245.0
drumPerformance 289 698.0
duck 290 79.0
duckTour 291 65.0
dumbbellWorkout 292 148.0
duneBashing 293 220.0
dyeingHair 294 101.0
earthquake 295 232.0
earthworm 296 51.0
eatingPopcorn 297 103.0
eatingWithChopsticks 298 157.0
ebookReader 299 180.0
egyptianPyramids 300 137.0
eiffelTower 301 285.0
electricToothbrush 302 113.0
electronicOrganPerformance 303 145.0
elephant 304 1043.0
elephantRides 305 259.0
embroidery 306 292.0
energySavingBulbs 307 70.0
escalatorRide 308 104.0
exploding 309 135.0
eyeExercises 310 130.0
eyeMakeup 311 569.0
eyebrowTatto 312 62.0
eyebrowThreading 313 137.0
eyelashGrafting 314 80.0
faceMassage 315 226.0
facePainting 316 244.0
faceSteaming 317 66.0
fallingTide 318 60.0
familyNight 319 60.0
fanDance 320 131.0
fanMeeting 321 327.0
fancyDressParty 322 102.0
farewellParty 323 106.0
fasteningTheSeatBelt 324 84.0
fencing 325 373.0
ferret 326 424.0
fertilizingAGarden 327 61.0
fingerPainting 328 225.0
fireBalloon 329 113.0
fireDance 330 271.0
fireExtinguisher 331 70.0
fireFighting 332 118.0
fireplace 333 65.0
fireworksShow 334 563.0
firstAidForChocking 335 125.0
fishing 336 355.0
fittingTiles 337 66.0
fixingAChair 338 89.0
fixingBrokenWindows 339 54.0
fixingLeaks 340 83.0
flagRaising 341 68.0
flood 342 75.0
flutePerformance 343 242.0
flyingKites 344 321.0
fog 345 98.0
foldingANapkin 346 296.0
foldingClothes 347 241.0
forest 348 160.0
fox 349 83.0
framingADoor 350 165.0
frog 351 136.0
frontCrawl 352 130.0
fruitTreePruning 353 270.0
fryingEggplants 354 453.0
fryingFish 355 336.0
fryingMushroom 356 323.0
fryingRiceCake 357 70.0
fuelFilling 358 80.0
funeral 359 100.0
gasing 360 73.0
geocaching 361 190.0
gibbon 362 126.0
giraffe 363 286.0
givingGifts 364 56.0
glacier 365 171.0
goat 366 214.0
goldPanning 367 59.0
goldfish 368 93.0
golfing 369 234.0
goose 370 82.0
gorilla 371 391.0
graduation 372 186.0
graftingATree 373 66.0
groupBanquet 374 74.0
growingCrystals 375 201.0
guitarPerformance 376 597.0
gymBall 377 409.0
hackALighter 378 77.0
hackathon 379 58.0
hairCutting 380 169.0
hairstyleDesign 381 437.0
halloweenParty 382 65.0
hammerThrow 383 190.0
hammering 384 123.0
hamster 385 157.0
handball 386 136.0
handstand 387 559.0
hangingAPictureOnTheWall 388 56.0
hangingWallpaper 389 79.0
harmonicaPerformance 390 367.0
harpPerformance 391 290.0
havingAcupuncture 392 130.0
hawk 393 76.0
head-mountedDisplay 394 70.0
headMassage 395 173.0
hearingAid 396 334.0
hedgehog 397 85.0
hide-and-seek 398 68.0
highJump 399 101.0
hiking 400 289.0
hipHopDance 401 325.0
hippo 402 121.0
holdBreathChallenge 403 87.0
homeTheatre 404 100.0
horizontalBar 405 369.0
horse 406 683.0
horseRacing 407 109.0
horseRiding 408 280.0
hostingAShow 409 82.0
hotSpring 410 88.0
hotel 411 155.0
housePlants 412 119.0
housewarmingParty 413 57.0
hugging 414 150.0
hulaDance 415 673.0
hulaHoop 416 479.0
humidifier 417 67.0
hunting 418 181.0
hurdling 419 481.0
iceBoating 420 367.0
iceBucketChallenge 421 444.0
iceClimbing 422 90.0
iceDancing 423 179.0
iceFishing 424 343.0
iceHockey 425 286.0
iceRain 426 98.0
iceSkating 427 242.0
icebergCollapse 428 70.0
imageScanner 429 58.0
industrialRobot 430 82.0
infraredThermometer 431 138.0
injectionForKids 432 95.0
inkAndWashPainting 433 115.0
insideAirplane 434 245.0
insideBus 435 187.0
insideTheOrientalPearlTVTower 436 185.0
installAGarageDoor 437 66.0
installCeramicTileFloor 438 81.0
installFloorHeating 439 54.0
installingABathtub 440 52.0
installingACeiling 441 71.0
installingASink 442 146.0
installingAWindow 443 58.0
installingCurtainRods 444 108.0
internetCafe 445 64.0
ironingClothes 446 76.0
javelinThrow 447 98.0
jellyfish 448 45.0
jetski 449 465.0
jobFair 450 180.0
jobInterview 451 70.0
journalist 452 96.0
jousting 453 93.0
judo 454 140.0
jugglingBalls 455 179.0
jumpingJack 456 151.0
kangaroo 457 128.0
karstCave 458 123.0
kayaking 459 198.0
kendo 460 247.0
kickingShuttlecock 461 355.0
kidsFighting 462 135.0
kidsGettingDressed 463 55.0
kidsMakingFaces 464 313.0
kidsPlayingDoctor 465 78.0
kidsPlayingOnTheSlide 466 88.0
kidsPlayingWithBlocks 467 391.0
kindergarten 468 198.0
kissing 469 76.0
kiteSurfing 470 224.0
knifeFighting 471 66.0
knitting 472 346.0
koala 473 94.0
lacingShoes 474 184.0
lake 475 1098.0
landsailing 476 413.0
laptop 477 546.0
laserProjectionKeyboard 478 106.0
lavenderGarden 479 67.0
legMassage 480 245.0
lemur 481 124.0
leopard 482 125.0
lightning 483 231.0
lion 484 255.0
lionDancing 485 207.0
longJump 486 121.0
longSleeveDance 487 80.0
louvre 488 121.0
lumbering 489 78.0
lunarEclipse 490 151.0
lunges 491 370.0
machinist 492 76.0
maglevTrain 493 61.0
makingABookCover 494 70.0
makingABottleRocket 495 134.0
makingABrickWalkway 496 61.0
makingABrooch 497 127.0
makingACalendar 498 189.0
makingACandleHolder 499 220.0
makingAChair 500 159.0
makingACrown 501 279.0
makingADreamCatcher 502 61.0
makingAGiftBasket 503 102.0
makingAHeadboard 504 101.0
makingAKeyHolder 505 58.0
makingALamp 506 106.0
makingALeprechaunTrap 507 75.0
makingAMousepad 508 50.0
makingANotebook 509 53.0
makingAPaperPuppet 510 76.0
makingAPiggyBank 511 90.0
makingAPillow 512 262.0
makingAPlanter 513 106.0
makingAPotHolder 514 57.0
makingARubberStamp 515 68.0
makingAShelf 516 103.0
makingASkirt 517 161.0
makingAWreath 518 221.0
makingApplePie 519 164.0
makingBananaChips 520 148.0
makingBasket 521 117.0
makingBathBombs 522 279.0
makingBeer 523 54.0
makingBoiledEggs 524 130.0
makingBookmark 525 301.0
makingBouquets 526 104.0
makingBracelets 527 316.0
makingBread 528 296.0
makingBurritos 529 122.0
makingButter 530 135.0
makingCake 531 257.0
makingCandle 532 180.0
makingCandyApples 533 237.0
makingCaramel 534 67.0
makingCeramicCraft 535 496.0
makingCheese 536 84.0
makingChineseDumplings 537 217.0
makingChocolate 538 73.0
makingCider 539 157.0
makingCoffee 540 258.0
makingCongee 541 159.0
makingCookies 542 255.0
makingCrepes 543 274.0
makingCurryChicken 544 148.0
makingCurtains 545 64.0
makingDolls 546 44.0
makingDonuts 547 223.0
makingEarrings 548 347.0
makingEggTarts 549 82.0
makingFestivalCards 550 181.0
makingFire 551 85.0
makingFrenchFries 552 141.0
makingFriedChicken 553 133.0
makingFriedEggs 554 157.0
makingFriedRice 555 322.0
makingGloves 556 85.0
makingHairPins 557 125.0
makingHalloweenCustumes 558 117.0
makingHamburgers 559 322.0
makingHotChocolate 560 385.0
makingHotPot 561 56.0
makingHotdog 562 86.0
makingIceCream 563 154.0
makingJuice 564 293.0
makingKite 565 90.0
makingLace 566 64.0
makingLemonade 567 116.0
makingMasks 568 57.0
makingMilkTea 569 230.0
makingMilkshakes 570 393.0
makingMixedDrinks 571 172.0
makingModelCars 572 73.0
makingMooncakes 573 77.0
makingMuttonCurry 574 272.0
makingNecklaces 575 506.0
makingNoodlesFromScratch 576 141.0
makingPancakes 577 261.0
makingPaperFlowers 578 152.0
makingPaperPlane 579 398.0
makingPencilCases 580 179.0
makingPhoneCases 581 194.0
makingPhotoFrame 582 274.0
makingPickles 583 166.0
makingPizza 584 178.0
makingPlasticineModel 585 247.0
makingPopcorn 586 69.0
makingPotatoCakes 587 124.0
makingRiceDumplings 588 56.0
makingRings 589 163.0
makingRug 590 167.0
makingSalad 591 217.0
makingSandwich 592 258.0
makingSashimi 593 250.0
makingSausage 594 58.0
makingScrambledEggs 595 361.0
makingShoes 596 100.0
makingShorts 597 242.0
makingSkewers 598 77.0
makingSkinCream 599 227.0
makingSnowman 600 277.0
makingSoap 601 214.0
makingSorbet 602 272.0
makingSoup 603 417.0
makingSoybeanMilk 604 93.0
makingSpringRolls 605 86.0
makingSteamedEgg 606 77.0
makingSteamedStuffedBun 607 112.0
makingStrawberrySauce 608 57.0
makingSushi 609 254.0
makingTacos 610 155.0
makingTea 611 167.0
makingTheBed 612 139.0
makingToast 613 436.0
makingViolin 614 108.0
makingWaffles 615 329.0
makingWallet 616 218.0
makingYogurt 617 134.0
manatee 618 174.0
mantaRay 619 212.0
mantis 620 111.0
mantisShrimp 621 345.0
maracasPerformance 622 60.0
marathon 623 216.0
marchingBand 624 374.0
marriageProposal 625 170.0
martial 626 153.0
massageChair 627 267.0
mattressJumping 628 138.0
medalPresentation 629 135.0
metalDesign 630 57.0
microscope 631 61.0
militaryParade 632 367.0
militaryTraining 633 66.0
milkingACow 634 93.0
milkingAGoat 635 58.0
monkey 636 81.0
motionSensingGame 637 55.0
motocross 638 140.0
mountain 639 1122.0
mountingATV 640 280.0
mowing 641 208.0
museum 642 239.0
nailArtDesign 643 326.0
nebulizer 644 146.0
nightMarket 645 187.0
oboePerformance 646 78.0
octopus 647 86.0
oilPainting 648 398.0
openingABottle 649 125.0
openingACan 650 52.0
openingCelebration 651 85.0
opera 652 60.0
operatingAChainsaw 653 108.0
operatingRoom 654 76.0
oralQuiz 655 148.0
orderingFood 656 68.0
organizingCables 657 57.0
organizingShoes 658 70.0
ostrich 659 172.0
outsideAirplane 660 239.0
outsideBus 661 145.0
outsideTheOrientalPearlTVTower 662 124.0
owl 663 62.0
packingBoxes 664 57.0
paintBalling 665 90.0
palanquin 666 60.0
panFlutePerformance 667 84.0
panda 668 164.0
pangolin 669 99.0
pantomime 670 252.0
paperCutting 671 91.0
parade 672 265.0
paragliding 673 105.0
parallelBars 674 289.0
parkingCars 675 198.0
parkour 676 302.0
parrot 677 221.0
peacock 678 112.0
peelingOnion 679 189.0
penCalligraphy 680 275.0
penPainting 681 93.0
penSpinning 682 523.0
pencilPainting 683 300.0
penguin 684 104.0
photography 685 169.0
physicalExamination 686 84.0
pianoPerformance 687 402.0
pickingCorns 688 174.0
pickingFruits 689 55.0
picnic 690 92.0
pig 691 212.0
pigRacing 692 146.0
pigeonRace 693 110.0
pipaPerformance 694 176.0
pitchingATent 695 252.0
plantingATree 696 128.0
plastering 697 238.0
platypus 698 51.0
playABalloonPrank 699 199.0
playOnTheSeasaw 700 54.0
playground 701 231.0
playingChess 702 139.0
playingCraps 703 63.0
playingFrisbeeWithDog 704 231.0
playingFrisbeeWithPeople 705 251.0
playingMahjong 706 87.0
playingPuzzle 707 101.0
playingRacquetball 708 146.0
playingWaterGun 709 176.0
playingWithNunChucks 710 316.0
playingWithRemoteControlledAircraft 711 264.0
playingWithRemoteControlledCars 712 146.0
plough 713 90.0
poker 714 143.0
polarBear 715 144.0
polaroid 716 77.0
poleVault 717 149.0
polishingShoes 718 125.0
polo 719 87.0
pommelHorse 720 329.0
poultryFarming 721 137.0
pouringConcrete 722 59.0
pressConference 723 90.0
printmaking 724 129.0
pub 725 57.0
publicSpeech 726 197.0
pullUps 727 471.0
punchingBagWorkout 728 211.0
puppetShow 729 237.0
pushUps 730 155.0
puttingAirInTires 731 60.0
puttingOnATeethRetainer 732 96.0
puttingOnContactLenses 733 75.0
puttingOnShoes 734 246.0
rabbit 735 374.0
raccoon 736 226.0
rafting 737 295.0
rainWeather 738 56.0
rainbow 739 103.0
rapMusic 740 366.0
rehabilitation 741 175.0
removingDrywall 742 63.0
removingMold 743 57.0
repairingAMobile 744 138.0
repairingARefrigerator 745 246.0
repairingAWasher 746 212.0
repairingAWatch 747 61.0
repairingMusicalInstruments 748 200.0
repalcingInkCartridges 749 111.0
residentialWiring 750 130.0
rhinoceros 751 79.0
ridingStationaryBicycle 752 106.0
river 753 1912.0
roadConstruction 754 64.0
roastingCorn 755 335.0
roastingFish 756 217.0
roastingPeppers 757 260.0
roastingTurkey 758 119.0
rockBandPerformance 759 359.0
rockClimbing 760 125.0
rockPainting 761 55.0
rocket 762 63.0
rollerHockey 763 342.0
rollerSkating 764 205.0
ropeClimbing 765 551.0
ropeSkipping 766 331.0
ropesCourse 767 327.0
rowing 768 414.0
rugby 769 77.0
safes 770 133.0
salsaDance 771 473.0
sandArt 772 394.0
sandStorm 773 111.0
sandboarding 774 552.0
saxophonePerformance 775 294.0
screenPrintting 776 101.0
scubaDiving 777 202.0
sculpting 778 103.0
seaHorse 779 94.0
seaLion 780 193.0
seaStar 781 53.0
settingTheTable 782 288.0
sewingAButton 783 177.0
shadowPlay 784 147.0
shark 785 59.0
sharpeningAPencil 786 141.0
sharpeningKnives 787 242.0
shavingBeard 788 134.0
shavingLegs 789 80.0
shearingASheep 790 204.0
sheep 791 415.0
sheepHerding 792 136.0
shellColecting 793 61.0
shipwrecks 794 243.0
shooting 795 407.0
shoppingMall 796 84.0
shovelingSnow 797 143.0
showingFashionableDownJackets 798 72.0
showingFashionableEarrings 799 167.0
showingFashionableFullDresses 800 51.0
showingFashionableGlasses 801 97.0
showingFashionableHandbags 802 209.0
showingFashionableHats 803 54.0
showingFashionableHighHeels 804 233.0
showingFashionableJackets 805 85.0
showingFashionableJeans 806 84.0
showingFashionableNecklaces 807 73.0
showingFashionableRings 808 100.0
showingFashionableScarfs 809 204.0
showingFashionableShirts 810 65.0
showingFashionableSkirts 811 53.0
showingFashionableSuits 812 67.0
showingFashionableWatches 813 84.0
shuffleboard 814 106.0
sidewalkSweeping 815 67.0
singingInKtv 816 308.0
singingInStudio 817 61.0
singingOnStage 818 528.0
singleLensReflexCamera 819 172.0
sitUps 820 242.0
skateboarding 821 567.0
skiing 822 284.0
skydiving 823 169.0
sledding 824 252.0
sleepoverParty 825 104.0
slippingOnIce 826 296.0
smartBracelet 827 300.0
smartGlasses 828 94.0
smartPen 829 99.0
smartTV 830 118.0
smartphone 831 1002.0
smokeDetector 832 78.0
smokeTricks 833 133.0
snail 834 227.0
snake 835 473.0
snorkeling 836 82.0
snowRafting 837 153.0
snowVolleyball 838 66.0
snowWeather 839 1121.0
snowballFight 840 392.0
snowplows 841 73.0
soakFeet 842 84.0
soccer 843 630.0
softball 844 562.0
solarEclipse 845 119.0
solvingMagicCube 846 281.0
soccerJuggling 847 133.0
spearplay 848 55.0
speedWalking 849 72.0
spider 850 60.0
spinningBasketball 851 88.0
sportAerobics 852 440.0
sportStacking 853 574.0
sportsTrack 854 510.0
sprayPainting 855 544.0
spreadMulch 856 64.0
squareDance 857 151.0
squirrel 858 305.0
stampCollecting 859 251.0
starryNightSky 860 125.0
stealing 861 140.0
stepDance 862 67.0
stillRings 863 315.0
streetFighting 864 155.0
stringArt 865 222.0
stripPaint 866 73.0
submarine 867 355.0
sumoWrestling 868 399.0
sunset 869 431.0
suonaPerformance 870 248.0
surfing 871 155.0
swan 872 80.0
swearingAnOath 873 130.0
sweepingRobot 874 137.0
swordDance 875 107.0
symphonyOrchestraPerformance 876 175.0
synchronizedSwimming 877 402.0
tablaPerformance 878 273.0
tableTennis 879 355.0
tabletPC 880 441.0
tackingUpAHorse 881 126.0
taekwondo 882 419.0
taiChiChuan 883 458.0
tailgateParty 884 230.0
tajMahal 885 221.0
takingMakeupOff 886 115.0
tango 887 412.0
tattooing 888 439.0
taxi 889 271.0
teaParty 890 53.0
teamBuildingActivities 891 90.0
telescope 892 57.0
temple 893 224.0
tennis 894 186.0
tetherball 895 154.0
theGreatWall 896 177.0
theLeaningTowerOfPisa 897 232.0
thePalaceOfVersailles 898 164.0
theStatueOfLiberty 899 278.0
thumbWrestling 900 120.0
tiger 901 188.0
tireWorkout 902 138.0
toeWresting 903 63.0
tornado 904 136.0
townHallMeeting 905 112.0
toy 906 105.0
toyFigures 907 635.0
traditionalOpera 908 137.0
trafficJam 909 122.0
trafficPoliceman 910 180.0
train 911 417.0
trampolineJumping 912 236.0
trampolinedunk 913 88.0
transplantRiceSeedings 914 85.0
treadmill 915 244.0
treeClimbing 916 196.0
trialCourt 917 95.0
trianglePerformance 918 78.0
tricycleRiding 919 204.0
trimmingGardenPlants 920 221.0
trombonePerformance 921 445.0
trumpetPerformance 922 364.0
tsunamiWave 923 179.0
tugOfWar 924 174.0
turtle 925 152.0
tyingABow 926 101.0
tyingATie 927 206.0
tyingRopeKnots 928 92.0
typing 929 66.0
ukulelePerformance 930 263.0
umbrellaDance 931 123.0
undergroundSubway 932 344.0
unevenBars 933 308.0
unicycleTricks 934 439.0
usbFlashDrive 935 56.0
useAWheelchair 936 106.0
usingAFireSteel 937 196.0
vaccinating 938 84.0
vacuumCleaner 939 69.0
vehiclesCrossingRivers 940 226.0
velometer 941 144.0
violinPerformance 942 675.0
visitingGrave 943 99.0
visitingPatients 944 58.0
vocalTraining 945 549.0
volcanoEruption 946 142.0
volleyball 947 85.0
volunteerWork 948 238.0
walkingOnStilts 949 84.0
walkingWithAStick 950 50.0
walkingWithDog 951 116.0
wallPainting 952 133.0
wallPushup 953 124.0
walrus 954 81.0
waltzDance 955 292.0
warmUpActivities 956 275.0
washingAnInfant 957 162.0
washingDishes 958 160.0
washingFace 959 77.0
washingFeet 960 67.0
washingHair 961 68.0
washingHands 962 65.0
washingShoes 963 169.0
waterFilledBallon 964 53.0
waterPolo 965 458.0
watercolourPainting 966 403.0
waterfall 967 218.0
wateringALawn 968 59.0
wearLipstick 969 468.0
weddingCeremony 970 157.0
weddingDance 971 209.0
weddingPhotography 972 147.0
weddingReception 973 156.0
welcomeParty 974 83.0
wetland 975 272.0
wheelchairBasketball 976 158.0
wheelchairFencing 977 144.0
wheelchairRace 978 144.0
wheelchairSoftball 979 58.0
wheelchairTennis 980 82.0
whistle 981 52.0
whistlingWithFingers 982 76.0
windSailing 983 452.0
windTurbines 984 537.0
windsorCastle 985 77.0
wineryTour 986 279.0
wingsuitFlying 987 148.0
wirelessHeadphones 988 93.0
wirewalking 989 73.0
wolf 990 86.0
woodBurning 991 62.0
woodCarving 992 127.0
woodpecker 993 146.0
wrappingAWound 994 184.0
wrappingTheGift 995 440.0
writingOnBoard 996 93.0
xinjiangDance 997 334.0
yangko 998 72.0
yoga 999 294.0
yoyoTricks 1000 404.0
zebra 1001 98.0
zhengPerformance 1002 69.0
zumbaDance 1003 236.0
